<?xml version="1.0" encoding="utf-8" standalone="yes"?>
<Events><Event xmlns='http://schemas.microsoft.com/win/2004/08/events/event'><System><Provider Name='Service Control Manager' Guid='{555908d1-a6d7-4695-8e1e-26931d2012f4}' EventSourceName='Service Control Manager'/><EventID Qualifiers='49152'>7043</EventID><Version>0</Version><Level>2</Level><Task>0</Task><Opcode>0</Opcode><Keywords>0x8080000000000000</Keywords><TimeCreated SystemTime='2025-12-30T04:55:13.9614829Z'/><EventRecordID>41263</EventRecordID><Correlation ActivityID='{b0f42c57-7946-0002-767c-f9b04679dc01}'/><Execution ProcessID='1388' ThreadID='5504'/><Channel>System</Channel><Computer>Computer_Name</Computer><Security/></System><EventData><Data Name='param1'>Universal Device Client Service</Data><Binary>55004400430053006500720076006900630065000000</Binary></EventData></Event><Event xmlns='http://schemas.microsoft.com/win/2004/08/events/event'><System><Provider Name='Microsoft-Windows-TPM-WMI' Guid='{7d5387b0-cbe0-11da-a94d-0800200c9a66}'/><EventID>1796</EventID><Version>3</Version><Level>2</Level><Task>0</Task><Opcode>0</Opcode><Keywords>0x8000000000000000</Keywords><TimeCreated SystemTime='2025-12-30T04:47:45.4567066Z'/><EventRecordID>41228</EventRecordID><Correlation/><Execution ProcessID='3544' ThreadID='18772'/><Channel>System</Channel><Computer>Computer_Name</Computer><Security UserID='Computer_SID'/></System><EventData><Data Name='UpdateType'>SBAT</Data><Data Name='HResult'>-2147024895</Data></EventData></Event><Event xmlns='http://schemas.microsoft.com/win/2004/08/events/event'><System><Provider Name='Service Control Manager' Guid='{555908d1-a6d7-4695-8e1e-26931d2012f4}' EventSourceName='Service Control Manager'/><EventID Qualifiers='49152'>7043</EventID><Version>0</Version><Level>2</Level><Task>0</Task><Opcode>0</Opcode><Keywords>0x8080000000000000</Keywords><TimeCreated SystemTime='2025-12-30T04:40:24.0271880Z'/><EventRecordID>41073</EventRecordID><Correlation ActivityID='{73d84420-793f-000a-239b-e1733f79dc01}'/><Execution ProcessID='1384' ThreadID='6740'/><Channel>System</Channel><Computer>Computer_Name</Computer><Security/></System><EventData><Data Name='param1'>Universal Device Client Service</Data><Binary>55004400430053006500720076006900630065000000</Binary></EventData></Event><Event xmlns='http://schemas.microsoft.com/win/2004/08/events/event'><System><Provider Name='Microsoft-Windows-TPM-WMI' Guid='{7d5387b0-cbe0-11da-a94d-0800200c9a66}'/><EventID>1796</EventID><Version>3</Version><Level>2</Level><Task>0</Task><Opcode>0</Opcode><Keywords>0x8000000000000000</Keywords><TimeCreated SystemTime='2025-12-30T03:55:56.3316927Z'/><EventRecordID>41025</EventRecordID><Correlation/><Execution ProcessID='1036' ThreadID='6504'/><Channel>System</Channel><Computer>Computer_Name</Computer><Security UserID='Computer_SID'/></System><EventData><Data Name='UpdateType'>SBAT</Data><Data Name='HResult'>-2147024895</Data></EventData></Event><Event xmlns='http://schemas.microsoft.com/win/2004/08/events/event'><System><Provider Name='Microsoft-Windows-Kernel-Power' Guid='{331c3b3a-2005-44c2-ac5e-77220c37d6b4}'/><EventID>41</EventID><Version>10</Version><Level>1</Level><Task>63</Task><Opcode>0</Opcode><Keywords>0x8000400000000002</Keywords><TimeCreated SystemTime='2025-12-30T03:50:41.2383817Z'/><EventRecordID>40930</EventRecordID><Correlation/><Execution ProcessID='4' ThreadID='8'/><Channel>System</Channel><Computer>Computer_Name</Computer><Security UserID='Computer_SID'/></System><EventData><Data Name='BugcheckCode'>0</Data><Data Name='BugcheckParameter1'>0x0</Data><Data Name='BugcheckParameter2'>0x0</Data><Data Name='BugcheckParameter3'>0x0</Data><Data Name='BugcheckParameter4'>0x0</Data><Data Name='SleepInProgress'>0</Data><Data Name='PowerButtonTimestamp'>134115401161680893</Data><Data Name='BootAppStatus'>0</Data><Data Name='Checkpoint'>9</Data><Data Name='ConnectedStandbyInProgress'>false</Data><Data Name='SystemSleepTransitionsToOn'>0</Data><Data Name='CsEntryScenarioInstanceId'>0</Data><Data Name='BugcheckInfoFromEFI'>false</Data><Data Name='CheckpointStatus'>0</Data><Data Name='CsEntryScenarioInstanceIdV2'>0</Data><Data Name='LongPowerButtonPressDetected'>false</Data><Data Name='LidReliability'>false</Data><Data Name='InputSuppressionState'>0</Data><Data Name='PowerButtonSuppressionState'>0</Data><Data Name='LidState'>3</Data><Data Name='WHEABootErrorCount'>0</Data></EventData></Event><Event xmlns='http://schemas.microsoft.com/win/2004/08/events/event'><System><Provider Name='volmgr'/><EventID Qualifiers='49156'>46</EventID><Version>0</Version><Level>2</Level><Task>0</Task><Opcode>0</Opcode><Keywords>0x80000000000000</Keywords><TimeCreated SystemTime='2025-12-30T03:50:35.9435668Z'/><EventRecordID>40923</EventRecordID><Correlation/><Execution ProcessID='4' ThreadID='252'/><Channel>System</Channel><Computer>Computer_Name</Computer><Security/></System><EventData><Data>\Device\HarddiskVolume3</Data><Binary>0000000001000000000000002E0004C0091000000F0000C000000000000000000000000000000000</Binary></EventData></Event><Event xmlns='http://schemas.microsoft.com/win/2004/08/events/event'><System><Provider Name='Service Control Manager' Guid='{555908d1-a6d7-4695-8e1e-26931d2012f4}' EventSourceName='Service Control Manager'/><EventID Qualifiers='49152'>7043</EventID><Version>0</Version><Level>2</Level><Task>0</Task><Opcode>0</Opcode><Keywords>0x8080000000000000</Keywords><TimeCreated SystemTime='2025-12-30T03:43:53.1952699Z'/><EventRecordID>40886</EventRecordID><Correlation ActivityID='{65d5ff10-793e-0006-cd15-d6653e79dc01}'/><Execution ProcessID='1388' ThreadID='1604'/><Channel>System</Channel><Computer>Computer_Name</Computer><Security/></System><EventData><Data Name='param1'>Universal Device Client Service</Data><Binary>55004400430053006500720076006900630065000000</Binary></EventData></Event><Event xmlns='http://schemas.microsoft.com/win/2004/08/events/event'><System><Provider Name='Microsoft-Windows-Kernel-Power' Guid='{331c3b3a-2005-44c2-ac5e-77220c37d6b4}'/><EventID>41</EventID><Version>10</Version><Level>1</Level><Task>63</Task><Opcode>0</Opcode><Keywords>0x8000400000000002</Keywords><TimeCreated SystemTime='2025-12-30T03:43:08.3982954Z'/><EventRecordID>40794</EventRecordID><Correlation/><Execution ProcessID='4' ThreadID='8'/><Channel>System</Channel><Computer>Computer_Name</Computer><Security UserID='Computer_SID'/></System><EventData><Data Name='BugcheckCode'>159</Data><Data Name='BugcheckParameter1'>0x4</Data><Data Name='BugcheckParameter2'>0x0</Data><Data Name='BugcheckParameter3'>0x0</Data><Data Name='BugcheckParameter4'>0x0</Data><Data Name='SleepInProgress'>0</Data><Data Name='PowerButtonTimestamp'>0</Data><Data Name='BootAppStatus'>0</Data><Data Name='Checkpoint'>9</Data><Data Name='ConnectedStandbyInProgress'>false</Data><Data Name='SystemSleepTransitionsToOn'>0</Data><Data Name='CsEntryScenarioInstanceId'>0</Data><Data Name='BugcheckInfoFromEFI'>true</Data><Data Name='CheckpointStatus'>0</Data><Data Name='CsEntryScenarioInstanceIdV2'>0</Data><Data Name='LongPowerButtonPressDetected'>false</Data><Data Name='LidReliability'>false</Data><Data Name='InputSuppressionState'>0</Data><Data Name='PowerButtonSuppressionState'>0</Data><Data Name='LidState'>3</Data><Data Name='WHEABootErrorCount'>0</Data></EventData></Event><Event xmlns='http://schemas.microsoft.com/win/2004/08/events/event'><System><Provider Name='volmgr'/><EventID Qualifiers='49156'>46</EventID><Version>0</Version><Level>2</Level><Task>0</Task><Opcode>0</Opcode><Keywords>0x80000000000000</Keywords><TimeCreated SystemTime='2025-12-30T03:43:03.0767386Z'/><EventRecordID>40787</EventRecordID><Correlation/><Execution ProcessID='4' ThreadID='396'/><Channel>System</Channel><Computer>Computer_Name</Computer><Security/></System><EventData><Data>\Device\HarddiskVolume3</Data><Binary>0000000001000000000000002E0004C0091000000F0000C000000000000000000000000000000000</Binary></EventData></Event><Event xmlns='http://schemas.microsoft.com/win/2004/08/events/event'><System><Provider Name='volmgr'/><EventID Qualifiers='49156'>161</EventID><Version>0</Version><Level>2</Level><Task>0</Task><Opcode>0</Opcode><Keywords>0x80000000000000</Keywords><TimeCreated SystemTime='2025-12-30T03:43:03.0767386Z'/><EventRecordID>40786</EventRecordID><Correlation/><Execution ProcessID='4' ThreadID='396'/><Channel>System</Channel><Computer>Computer_Name</Computer><Security/></System><EventData><Data>\Device\HarddiskVolume3</Data><Data>0x0004004F</Data><Binary>000000000200300000000000A10004C04F000400010000C000000000000000000000000000000000</Binary></EventData></Event><Event xmlns='http://schemas.microsoft.com/win/2004/08/events/event'><System><Provider Name='Service Control Manager' Guid='{555908d1-a6d7-4695-8e1e-26931d2012f4}' EventSourceName='Service Control Manager'/><EventID Qualifiers='49152'>7043</EventID><Version>0</Version><Level>2</Level><Task>0</Task><Opcode>0</Opcode><Keywords>0x8080000000000000</Keywords><TimeCreated SystemTime='2025-12-30T02:58:17.1971123Z'/><EventRecordID>40749</EventRecordID><Correlation ActivityID='{ec5ebc16-7937-0001-42f8-5eec3779dc01}'/><Execution ProcessID='1388' ThreadID='1904'/><Channel>System</Channel><Computer>Computer_Name</Computer><Security/></System><EventData><Data Name='param1'>Universal Device Client Service</Data><Binary>55004400430053006500720076006900630065000000</Binary></EventData></Event><Event xmlns='http://schemas.microsoft.com/win/2004/08/events/event'><System><Provider Name='Service Control Manager' Guid='{555908d1-a6d7-4695-8e1e-26931d2012f4}' EventSourceName='Service Control Manager'/><EventID Qualifiers='49152'>7043</EventID><Version>0</Version><Level>2</Level><Task>0</Task><Opcode>0</Opcode><Keywords>0x8080000000000000</Keywords><TimeCreated SystemTime='2025-12-30T02:54:57.6301766Z'/><EventRecordID>40562</EventRecordID><Correlation ActivityID='{2fe88445-6590-0002-cb5e-69329065dc01}'/><Execution ProcessID='1412' ThreadID='7188'/><Channel>System</Channel><Computer>Computer_Name</Computer><Security/></System><EventData><Data Name='param1'>Universal Device Client Service</Data><Binary>55004400430053006500720076006900630065000000</Binary></EventData></Event><Event xmlns='http://schemas.microsoft.com/win/2004/08/events/event'><System><Provider Name='Microsoft-Windows-TPM-WMI' Guid='{7d5387b0-cbe0-11da-a94d-0800200c9a66}'/><EventID>1796</EventID><Version>2</Version><Level>2</Level><Task>0</Task><Opcode>0</Opcode><Keywords>0x8000000000000000</Keywords><TimeCreated SystemTime='2025-12-30T02:43:27.5919882Z'/><EventRecordID>40555</EventRecordID><Correlation/><Execution ProcessID='22412' ThreadID='23388'/><Channel>System</Channel><Computer>Computer_Name</Computer><Security UserID='Computer_SID'/></System><EventData><Data Name='HResult'>-2147024895</Data><Data Name='UpdateType'>1024</Data></EventData></Event></Events>
